0 info it worked if it ends with ok
1 verbose cli [ 'C:\\Program Files (x86)\\nodejs\\\\node.exe',
1 verbose cli   'C:\\Program Files (x86)\\nodejs\\node_modules\\npm\\bin\\npm-cli.js',
1 verbose cli   'install' ]
2 info using npm@1.4.28
3 info using node@v0.10.32
4 verbose node symlink C:\Program Files (x86)\nodejs\\node.exe
5 warn package.json example-project@0.1.0 No description
6 warn package.json example-project@0.1.0 No repository field.
7 warn package.json example-project@0.1.0 No README data
8 verbose readDependencies using package.json deps
9 verbose install where, deps [ 'D:\\webbestmaster\\main\\other\\my-gulp-project',
9 verbose install   [ 'closure-compiler' ] ]
10 info preinstall example-project@0.1.0
11 verbose readDependencies using package.json deps
12 verbose cache add [ 'closure-compiler@http://dl.google.com/closure-compiler/compiler-latest.zip',
12 verbose cache add   null ]
13 verbose cache add name=undefined spec="closure-compiler@http://dl.google.com/closure-compiler/compiler-latest.zip" args=["closure-compiler@http://dl.google.com/closure-compiler/compiler-latest.zip",null]
14 verbose parsed url { protocol: null,
14 verbose parsed url   slashes: null,
14 verbose parsed url   auth: null,
14 verbose parsed url   host: null,
14 verbose parsed url   port: null,
14 verbose parsed url   hostname: null,
14 verbose parsed url   hash: null,
14 verbose parsed url   search: null,
14 verbose parsed url   query: null,
14 verbose parsed url   pathname: 'closure-compiler@http://dl.google.com/closure-compiler/compiler-latest.zip',
14 verbose parsed url   path: 'closure-compiler@http://dl.google.com/closure-compiler/compiler-latest.zip',
14 verbose parsed url   href: 'closure-compiler@http://dl.google.com/closure-compiler/compiler-latest.zip' }
15 verbose cache add name="closure-compiler" spec="http://dl.google.com/closure-compiler/compiler-latest.zip" args=["closure-compiler","http://dl.google.com/closure-compiler/compiler-latest.zip"]
16 verbose parsed url { protocol: 'http:',
16 verbose parsed url   slashes: true,
16 verbose parsed url   auth: null,
16 verbose parsed url   host: 'dl.google.com',
16 verbose parsed url   port: null,
16 verbose parsed url   hostname: 'dl.google.com',
16 verbose parsed url   hash: null,
16 verbose parsed url   search: null,
16 verbose parsed url   query: null,
16 verbose parsed url   pathname: '/closure-compiler/compiler-latest.zip',
16 verbose parsed url   path: '/closure-compiler/compiler-latest.zip',
16 verbose parsed url   href: 'http://dl.google.com/closure-compiler/compiler-latest.zip' }
17 silly lockFile bfd4bc4a-ure-compiler-compiler-latest-zip http://dl.google.com/closure-compiler/compiler-latest.zip
18 verbose lock http://dl.google.com/closure-compiler/compiler-latest.zip C:\Users\user\AppData\Roaming\npm-cache\bfd4bc4a-ure-compiler-compiler-latest-zip.lock
19 verbose addRemoteTarball [ 'http://dl.google.com/closure-compiler/compiler-latest.zip',
19 verbose addRemoteTarball   null ]
20 info retry fetch attempt 1 at 20:10:07
21 verbose fetch to= C:\Users\user\AppData\Local\Temp\npm-7964-o50ByEvA\dl.google.com\closure-compiler\compiler-latest.zip
22 http GET http://dl.google.com/closure-compiler/compiler-latest.zip
23 http 200 http://dl.google.com/closure-compiler/compiler-latest.zip
24 verbose tar unpack C:\Users\user\AppData\Local\Temp\npm-7964-o50ByEvA\dl.google.com\closure-compiler\compiler-latest.zip
25 silly lockFile 0ac44186-piler-compiler-latest-zip-unpack tar://C:\Users\user\AppData\Local\Temp\npm-7964-o50ByEvA\dl.google.com\closure-compiler\compiler-latest.zip-unpack
26 verbose lock tar://C:\Users\user\AppData\Local\Temp\npm-7964-o50ByEvA\dl.google.com\closure-compiler\compiler-latest.zip-unpack C:\Users\user\AppData\Roaming\npm-cache\0ac44186-piler-compiler-latest-zip-unpack.lock
27 silly lockFile c748f7b9-ure-compiler-compiler-latest-zip tar://C:\Users\user\AppData\Local\Temp\npm-7964-o50ByEvA\dl.google.com\closure-compiler\compiler-latest.zip
28 verbose lock tar://C:\Users\user\AppData\Local\Temp\npm-7964-o50ByEvA\dl.google.com\closure-compiler\compiler-latest.zip C:\Users\user\AppData\Roaming\npm-cache\c748f7b9-ure-compiler-compiler-latest-zip.lock
29 silly gunzTarPerm modes [ '777', '666' ]
30 error not a package C:\Users\user\AppData\Local\Temp\npm-7964-o50ByEvA\dl.google.com\closure-compiler\compiler-latest.zip
31 silly lockFile 0ac44186-piler-compiler-latest-zip-unpack tar://C:\Users\user\AppData\Local\Temp\npm-7964-o50ByEvA\dl.google.com\closure-compiler\compiler-latest.zip-unpack
32 silly lockFile 0ac44186-piler-compiler-latest-zip-unpack tar://C:\Users\user\AppData\Local\Temp\npm-7964-o50ByEvA\dl.google.com\closure-compiler\compiler-latest.zip-unpack
33 silly lockFile c748f7b9-ure-compiler-compiler-latest-zip tar://C:\Users\user\AppData\Local\Temp\npm-7964-o50ByEvA\dl.google.com\closure-compiler\compiler-latest.zip
34 silly lockFile c748f7b9-ure-compiler-compiler-latest-zip tar://C:\Users\user\AppData\Local\Temp\npm-7964-o50ByEvA\dl.google.com\closure-compiler\compiler-latest.zip
35 silly lockFile bfd4bc4a-ure-compiler-compiler-latest-zip http://dl.google.com/closure-compiler/compiler-latest.zip
36 silly lockFile bfd4bc4a-ure-compiler-compiler-latest-zip http://dl.google.com/closure-compiler/compiler-latest.zip
37 error Error: ENOENT, open 'C:\Users\user\AppData\Local\Temp\npm-7964-o50ByEvA\dl.google.com\closure-compiler\compiler-latest.zip-unpack\package.json'
38 error If you need help, you may report this *entire* log,
38 error including the npm and node versions, at:
38 error     <http://github.com/npm/npm/issues>
39 error System Windows_NT 6.1.7600
40 error command "C:\\Program Files (x86)\\nodejs\\\\node.exe" "C:\\Program Files (x86)\\nodejs\\node_modules\\npm\\bin\\npm-cli.js" "install"
41 error cwd D:\webbestmaster\main\other\my-gulp-project
42 error node -v v0.10.32
43 error npm -v 1.4.28
44 error path C:\Users\user\AppData\Local\Temp\npm-7964-o50ByEvA\dl.google.com\closure-compiler\compiler-latest.zip-unpack\package.json
45 error code ENOENT
46 error errno 34
47 verbose exit [ 34, true ]
